<?xml version="1.0" encoding="UTF-8"?>
<testsuite name="TestPet" tests="1" skipped="0" failures="1" errors="0" timestamp="2026-04-12T19:09:26.546Z" hostname="DESKTOP-74J9NTA" time="4.793">
  <properties/>
  <testcase name="test_delete_nonexistent_pet()" classname="TestPet" time="4.793">
    <failure message="org.opentest4j.AssertionFailedError: Кодответа несовпал с ожидаемым. ОтветPet deleted ==&gt; expected: &lt;201&gt; but was: &lt;200&gt;" type="org.opentest4j.AssertionFailedError">org.opentest4j.AssertionFailedError: Кодответа несовпал с ожидаемым. ОтветPet deleted ==&gt; expected: &lt;201&gt; but was: &lt;200&gt;
	at app//org.junit.jupiter.api.AssertionFailureBuilder.build(AssertionFailureBuilder.java:151)
	at app//org.junit.jupiter.api.AssertionFailureBuilder.buildAndThrow(AssertionFailureBuilder.java:132)
	at app//org.junit.jupiter.api.AssertEquals.failNotEqual(AssertEquals.java:197)
	at app//org.junit.jupiter.api.AssertEquals.assertEquals(AssertEquals.java:150)
	at app//org.junit.jupiter.api.Assertions.assertEquals(Assertions.java:559)
	at app//TestPet.test_delete_nonexistent_pet(TestPet.java:22)
	at java.base@21.0.10/java.lang.reflect.Method.invoke(Method.java:580)
	at java.base@21.0.10/java.util.ArrayList.forEach(ArrayList.java:1596)
	at java.base@21.0.10/java.util.ArrayList.forEach(ArrayList.java:1596)
</failure>
  </testcase>
  <system-out><![CDATA[]]></system-out>
  <system-err><![CDATA[]]></system-err>
</testsuite>
